<?xml version="1.0" encoding="UTF-8"?>
<!-- Generated by org.testng.reporters.JUnitXMLReporter -->
<testsuite hostname="pni6p2034" name="Test" tests="4" failures="0" timestamp="14 Apr 2019 02:57:50 GMT" time="0.032" errors="0">
  <testcase name="test1" time="0.009" classname="com.test.testClass1"/>
  <testcase name="test2" time="0.0" classname="com.test.testClass1"/>
  <testcase name="test1" time="0.001" classname="com.test.testClass2"/>
  <testcase name="test2" time="0.001" classname="com.test.testClass2"/>
</testsuite> <!-- Test -->
