<?xml version="1.0" encoding="UTF-8"?>
<testng-results skipped="0" failed="0" total="4" passed="4">
  <reporter-output>
  </reporter-output>
  <suite name="Suite" duration-ms="32" started-at="2019-04-14T02:57:50Z" finished-at="2019-04-14T02:57:50Z">
    <groups>
    </groups>
    <test name="Test" duration-ms="32" started-at="2019-04-14T02:57:50Z" finished-at="2019-04-14T02:57:50Z">
      <class name="com.test.testClass2">
        <test-method status="PASS" signature="test1()[pri:0, instance:com.test.testClass2@7921b0a2]" name="test1" duration-ms="1" started-at="2019-04-14T08:27:50Z" finished-at="2019-04-14T08:27:50Z">
          <reporter-output>
          </reporter-output>
        </test-method> <!-- test1 -->
        <test-method status="PASS" signature="test2()[pri:0, instance:com.test.testClass2@7921b0a2]" name="test2" duration-ms="1" started-at="2019-04-14T08:27:50Z" finished-at="2019-04-14T08:27:50Z">
          <reporter-output>
          </reporter-output>
        </test-method> <!-- test2 -->
      </class> <!-- com.test.testClass2 -->
      <class name="com.test.testClass1">
        <test-method status="PASS" signature="test1()[pri:0, instance:com.test.testClass1@5afa04c]" name="test1" duration-ms="9" started-at="2019-04-14T08:27:50Z" finished-at="2019-04-14T08:27:50Z">
          <reporter-output>
          </reporter-output>
        </test-method> <!-- test1 -->
        <test-method status="PASS" signature="test2()[pri:0, instance:com.test.testClass1@5afa04c]" name="test2" duration-ms="0" started-at="2019-04-14T08:27:50Z" finished-at="2019-04-14T08:27:50Z">
          <reporter-output>
          </reporter-output>
        </test-method> <!-- test2 -->
      </class> <!-- com.test.testClass1 -->
    </test> <!-- Test -->
  </suite> <!-- Suite -->
</testng-results>
